<?xml version="1.0" encoding="UTF-8"?>
<testng-results ignored="0" total="1" passed="1" failed="0" skipped="0">
  <reporter-output>
  </reporter-output>
  <suite started-at="2025-03-13T17:43:20 IST" name="Default suite" finished-at="2025-03-13T17:43:20 IST" duration-ms="35">
    <groups>
    </groups>
    <test started-at="2025-03-13T17:43:20 IST" name="Default test" finished-at="2025-03-13T17:43:20 IST" duration-ms="35">
      <class name="FrameWork_Overview.Practise">
        <test-method signature="TestMain()[pri:0, instance:FrameWork_Overview.Practise@702657cc]" started-at="2025-03-13T17:43:20 IST" name="TestMain" finished-at="2025-03-13T17:43:20 IST" duration-ms="8" status="PASS">
          <reporter-output>
          </reporter-output>
        </test-method> <!-- TestMain -->
      </class> <!-- FrameWork_Overview.Practise -->
    </test> <!-- Default test -->
  </suite> <!-- Default suite -->
</testng-results>
